# JRE version: OpenJDK Runtime Environment Corretto-15.0.1.9.1 (15.0.1+9) (build 15.0.1+9)
# Java VM: OpenJDK 64-Bit Server VM Corretto-15.0.1.9.1 (15.0.1+9, mixed mode, sharing, tiered, compressed oops, g1 gc, windows-amd64)
GC Precious Log:
 CPUs: 8 total, 8 available
 Memory: 16325M
 Large Page Support: Disabled
 NUMA Support: Disabled
 Compressed Oops: Enabled (Zero based)
 Heap Region Size: 2M
 Heap Min Capacity: 8M
 Heap Initial Capacity: 256M
 Heap Max Capacity: 4082M
 Pre-touch: Disabled
 Parallel Workers: 8
 Concurrent Workers: 2
 Concurrent Refinement Workers: 8
 Periodic GC: Disabled
Heap:
 garbage-first heap   total 151552K, used 47608K [0x0000000700e00000, 0x0000000800000000)
  region size 2048K, 19 young (38912K), 2 survivors (4096K)
 Metaspace       used 41965K, capacity 42253K, committed 42576K, reserved 1087488K
  class space    used 4642K, capacity 4742K, committed 4864K, reserved 1048576K
GC Heap History (20 events):
Event: 0.872 GC heap before
{Heap before GC invocations=0 (full 0):
 garbage-first heap   total 262144K, used 22528K [0x0000000700e00000, 0x0000000800000000)
  region size 2048K, 11 young (22528K), 0 survivors (0K)
 Metaspace       used 3522K, capacity 6085K, committed 6272K, reserved 1056768K
  class space    used 374K, capacity 599K, committed 640K, reserved 1048576K
}
Event: 0.875 GC heap after
{Heap after GC invocations=1 (full 0):
 garbage-first heap   total 262144K, used 3778K [0x0000000700e00000, 0x0000000800000000)
  region size 2048K, 2 young (4096K), 2 survivors (4096K)
 Metaspace       used 3522K, capacity 6085K, committed 6272K, reserved 1056768K
  class space    used 374K, capacity 599K, committed 640K, reserved 1048576K
}
Event: 1.269 GC heap before
{Heap before GC invocations=1 (full 0):
 garbage-first heap   total 262144K, used 32450K [0x0000000700e00000, 0x0000000800000000)
  region size 2048K, 17 young (34816K), 2 survivors (4096K)
 Metaspace       used 10793K, capacity 11043K, committed 11392K, reserved 1058816K
  class space    used 1225K, capacity 1301K, committed 1408K, reserved 1048576K
}
Event: 1.274 GC heap after
{Heap after GC invocations=2 (full 0):
 garbage-first heap   total 262144K, used 5677K [0x0000000700e00000, 0x0000000800000000)
  region size 2048K, 1 young (2048K), 1 survivors (2048K)
 Metaspace       used 10793K, capacity 11043K, committed 11392K, reserved 1058816K
  class space    used 1225K, capacity 1301K, committed 1408K, reserved 1048576K
}
Event: 1.849 GC heap before
{Heap before GC invocations=2 (full 0):
 garbage-first heap   total 262144K, used 40493K [0x0000000700e00000, 0x0000000800000000)
  region size 2048K, 19 young (38912K), 1 survivors (2048K)
 Metaspace       used 20866K, capacity 21105K, committed 21296K, reserved 1069056K
  class space    used 2262K, capacity 2349K, committed 2432K, reserved 1048576K
}
Event: 1.853 GC heap after
{Heap after GC invocations=3 (full 0):
 garbage-first heap   total 262144K, used 8826K [0x0000000700e00000, 0x0000000800000000)
  region size 2048K, 2 young (4096K), 2 survivors (4096K)
 Metaspace       used 20866K, capacity 21105K, committed 21296K, reserved 1069056K
  class space    used 2262K, capacity 2349K, committed 2432K, reserved 1048576K
}
Event: 2.037 GC heap before
{Heap before GC invocations=4 (full 0):
 garbage-first heap   total 40960K, used 29306K [0x0000000700e00000, 0x0000000800000000)
  region size 2048K, 12 young (24576K), 2 survivors (4096K)
 Metaspace       used 24448K, capacity 24689K, committed 25008K, reserved 1071104K
  class space    used 2665K, capacity 2733K, committed 2816K, reserved 1048576K
}
Event: 2.040 GC heap after
{Heap after GC invocations=5 (full 0):
 garbage-first heap   total 40960K, used 9665K [0x0000000700e00000, 0x0000000800000000)
  region size 2048K, 2 young (4096K), 2 survivors (4096K)
 Metaspace       used 24448K, capacity 24689K, committed 25008K, reserved 1071104K
  class space    used 2665K, capacity 2733K, committed 2816K, reserved 1048576K
}
Event: 2.176 GC heap before
{Heap before GC invocations=5 (full 0):
 garbage-first heap   total 40960K, used 28097K [0x0000000700e00000, 0x0000000800000000)
  region size 2048K, 11 young (22528K), 2 survivors (4096K)
 Metaspace       used 27596K, capacity 27863K, committed 28208K, reserved 1075200K
  class space    used 3047K, capacity 3151K, committed 3200K, reserved 1048576K
}
Event: 2.179 GC heap after
{Heap after GC invocations=6 (full 0):
 garbage-first heap   total 40960K, used 10299K [0x0000000700e00000, 0x0000000800000000)
  region size 2048K, 1 young (2048K), 1 survivors (2048K)
 Metaspace       used 27596K, capacity 27863K, committed 28208K, reserved 1075200K
  class space    used 3047K, capacity 3151K, committed 3200K, reserved 1048576K
}
Event: 2.347 GC heap before
{Heap before GC invocations=6 (full 0):
 garbage-first heap   total 40960K, used 26683K [0x0000000700e00000, 0x0000000800000000)
  region size 2048K, 10 young (20480K), 1 survivors (2048K)
 Metaspace       used 30464K, capacity 30717K, committed 31152K, reserved 1077248K
  class space    used 3402K, capacity 3505K, committed 3584K, reserved 1048576K
}
Event: 2.350 GC heap after
{Heap after GC invocations=7 (full 0):
 garbage-first heap   total 40960K, used 10810K [0x0000000700e00000, 0x0000000800000000)
  region size 2048K, 1 young (2048K), 1 survivors (2048K)
 Metaspace       used 30464K, capacity 30717K, committed 31152K, reserved 1077248K
  class space    used 3402K, capacity 3505K, committed 3584K, reserved 1048576K
}
Event: 2.533 GC heap before
{Heap before GC invocations=7 (full 0):
 garbage-first heap   total 40960K, used 27194K [0x0000000700e00000, 0x0000000800000000)
  region size 2048K, 10 young (20480K), 1 survivors (2048K)
 Metaspace       used 32615K, capacity 32931K, committed 33200K, reserved 1079296K
  class space    used 3671K, capacity 3794K, committed 3840K, reserved 1048576K
}
Event: 2.536 GC heap after
{Heap after GC invocations=8 (full 0):
 garbage-first heap   total 40960K, used 12865K [0x0000000700e00000, 0x0000000800000000)
  region size 2048K, 2 young (4096K), 2 survivors (4096K)
 Metaspace       used 32615K, capacity 32931K, committed 33200K, reserved 1079296K
  class space    used 3671K, capacity 3794K, committed 3840K, reserved 1048576K
}
Event: 2.781 GC heap before
{Heap before GC invocations=8 (full 0):
 garbage-first heap   total 40960K, used 25153K [0x0000000700e00000, 0x0000000800000000)
  region size 2048K, 10 young (20480K), 2 survivors (4096K)
 Metaspace       used 35456K, capacity 35745K, committed 35920K, reserved 1081344K
  class space    used 3971K, capacity 4090K, committed 4096K, reserved 1048576K
}
Event: 2.785 GC heap after
{Heap after GC invocations=9 (full 0):
 garbage-first heap   total 40960K, used 14075K [0x0000000700e00000, 0x0000000800000000)
  region size 2048K, 2 young (4096K), 2 survivors (4096K)
 Metaspace       used 35456K, capacity 35745K, committed 35920K, reserved 1081344K
  class space    used 3971K, capacity 4090K, committed 4096K, reserved 1048576K
}
Event: 3.079 GC heap before
{Heap before GC invocations=10 (full 0):
 garbage-first heap   total 40960K, used 26363K [0x0000000700e00000, 0x0000000800000000)
  region size 2048K, 9 young (18432K), 2 survivors (4096K)
 Metaspace       used 37771K, capacity 38093K, committed 38480K, reserved 1083392K
  class space    used 4205K, capacity 4316K, committed 4352K, reserved 1048576K
}
Event: 3.082 GC heap after
{Heap after GC invocations=11 (full 0):
 garbage-first heap   total 40960K, used 14883K [0x0000000700e00000, 0x0000000800000000)
  region size 2048K, 1 young (2048K), 1 survivors (2048K)
 Metaspace       used 37771K, capacity 38093K, committed 38480K, reserved 1083392K
  class space    used 4205K, capacity 4316K, committed 4352K, reserved 1048576K
}
Event: 3.350 GC heap before
{Heap before GC invocations=11 (full 0):
 garbage-first heap   total 40960K, used 31267K [0x0000000700e00000, 0x0000000800000000)
  region size 2048K, 9 young (18432K), 1 survivors (2048K)
 Metaspace       used 40115K, capacity 40415K, committed 40784K, reserved 1085440K
  class space    used 4473K, capacity 4578K, committed 4608K, reserved 1048576K
}
Event: 3.354 GC heap after
{Heap after GC invocations=12 (full 0):
 garbage-first heap   total 151552K, used 16888K [0x0000000700e00000, 0x0000000800000000)
  region size 2048K, 2 young (4096K), 2 survivors (4096K)
 Metaspace       used 40115K, capacity 40415K, committed 40784K, reserved 1085440K
  class space    used 4473K, capacity 4578K, committed 4608K, reserved 1048576K
}

